RGCN(
  (dropout): Dropout(p=0.8, inplace=False)
  (relu): ReLU()
  (linear_projections): ModuleDict()
  (convs): ModuleList(
    (0-7): 8 x RGCNConv(64, 64, num_relations=4)
    (8): RGCNConv(64, 3, num_relations=4)
  )
)
Training the model...
Traceback (most recent call last):
  File "/home/niob/het_gnn/variance/x_latents_train.py", line 413, in <module>
    main(args)
  File "/home/niob/het_gnn/variance/x_latents_train.py", line 335, in main
    model = train_model(model, data, target_node_type, epochs=args.epochs, learning_rate=args.learning_rate, weight_decay=args.weight_decay)
  File "/home/niob/het_gnn/variance/x_latents_train.py", line 294, in train_model
    loss = train(model, optimizer, data, target_node_type)
  File "/home/niob/het_gnn/variance/x_latents_train.py", line 268, in train
    target_out = out[target_node_type]
IndexError: too many indices for tensor of dimension 2
pairnormRGCN(
  (dropout): Dropout(p=0.8, inplace=False)
  (relu): ReLU()
  (linear_projections): ModuleDict()
  (convs): ModuleList(
    (0-6): 7 x RGCNConv(64, 64, num_relations=4)
    (7): RGCNConv(64, 3, num_relations=4)
  )
  (pairnorms): ModuleList(
    (0-7): 8 x PairNorm()
  )
)
Training the model...
Traceback (most recent call last):
  File "/home/niob/het_gnn/variance/x_latents_train.py", line 413, in <module>
    main(args)
  File "/home/niob/het_gnn/variance/x_latents_train.py", line 335, in main
    model = train_model(model, data, target_node_type, epochs=args.epochs, learning_rate=args.learning_rate, weight_decay=args.weight_decay)
  File "/home/niob/het_gnn/variance/x_latents_train.py", line 294, in train_model
    loss = train(model, optimizer, data, target_node_type)
  File "/home/niob/het_gnn/variance/x_latents_train.py", line 268, in train
    target_out = out[target_node_type]
IndexError: too many indices for tensor of dimension 2
RGCN(
  (dropout): Dropout(p=0.8, inplace=False)
  (relu): ReLU()
  (linear_projections): ModuleDict()
  (convs): ModuleList(
    (0-15): 16 x RGCNConv(64, 64, num_relations=4)
    (16): RGCNConv(64, 3, num_relations=4)
  )
)
Training the model...
Traceback (most recent call last):
  File "/home/niob/het_gnn/variance/x_latents_train.py", line 413, in <module>
    main(args)
  File "/home/niob/het_gnn/variance/x_latents_train.py", line 335, in main
    model = train_model(model, data, target_node_type, epochs=args.epochs, learning_rate=args.learning_rate, weight_decay=args.weight_decay)
  File "/home/niob/het_gnn/variance/x_latents_train.py", line 294, in train_model
    loss = train(model, optimizer, data, target_node_type)
  File "/home/niob/het_gnn/variance/x_latents_train.py", line 268, in train
    target_out = out[target_node_type]
IndexError: too many indices for tensor of dimension 2
pairnormRGCN(
  (dropout): Dropout(p=0.8, inplace=False)
  (relu): ReLU()
  (linear_projections): ModuleDict()
  (convs): ModuleList(
    (0-14): 15 x RGCNConv(64, 64, num_relations=4)
    (15): RGCNConv(64, 3, num_relations=4)
  )
  (pairnorms): ModuleList(
    (0-15): 16 x PairNorm()
  )
)
Training the model...
Traceback (most recent call last):
  File "/home/niob/het_gnn/variance/x_latents_train.py", line 413, in <module>
    main(args)
  File "/home/niob/het_gnn/variance/x_latents_train.py", line 335, in main
    model = train_model(model, data, target_node_type, epochs=args.epochs, learning_rate=args.learning_rate, weight_decay=args.weight_decay)
  File "/home/niob/het_gnn/variance/x_latents_train.py", line 294, in train_model
    loss = train(model, optimizer, data, target_node_type)
  File "/home/niob/het_gnn/variance/x_latents_train.py", line 268, in train
    target_out = out[target_node_type]
IndexError: too many indices for tensor of dimension 2
RGCN(
  (dropout): Dropout(p=0.8, inplace=False)
  (relu): ReLU()
  (linear_projections): ModuleDict()
  (convs): ModuleList(
    (0-31): 32 x RGCNConv(64, 64, num_relations=4)
    (32): RGCNConv(64, 3, num_relations=4)
  )
)
Training the model...
Traceback (most recent call last):
  File "/home/niob/het_gnn/variance/x_latents_train.py", line 413, in <module>
    main(args)
  File "/home/niob/het_gnn/variance/x_latents_train.py", line 335, in main
    model = train_model(model, data, target_node_type, epochs=args.epochs, learning_rate=args.learning_rate, weight_decay=args.weight_decay)
  File "/home/niob/het_gnn/variance/x_latents_train.py", line 294, in train_model
    loss = train(model, optimizer, data, target_node_type)
  File "/home/niob/het_gnn/variance/x_latents_train.py", line 268, in train
    target_out = out[target_node_type]
IndexError: too many indices for tensor of dimension 2
pairnormRGCN(
  (dropout): Dropout(p=0.8, inplace=False)
  (relu): ReLU()
  (linear_projections): ModuleDict()
  (convs): ModuleList(
    (0-30): 31 x RGCNConv(64, 64, num_relations=4)
    (31): RGCNConv(64, 3, num_relations=4)
  )
  (pairnorms): ModuleList(
    (0-31): 32 x PairNorm()
  )
)
Training the model...
Traceback (most recent call last):
  File "/home/niob/het_gnn/variance/x_latents_train.py", line 413, in <module>
    main(args)
  File "/home/niob/het_gnn/variance/x_latents_train.py", line 335, in main
    model = train_model(model, data, target_node_type, epochs=args.epochs, learning_rate=args.learning_rate, weight_decay=args.weight_decay)
  File "/home/niob/het_gnn/variance/x_latents_train.py", line 294, in train_model
    loss = train(model, optimizer, data, target_node_type)
  File "/home/niob/het_gnn/variance/x_latents_train.py", line 268, in train
    target_out = out[target_node_type]
IndexError: too many indices for tensor of dimension 2
RGCN(
  (dropout): Dropout(p=0.8, inplace=False)
  (relu): ReLU()
  (linear_projections): ModuleDict()
  (convs): ModuleList(
    (0-63): 64 x RGCNConv(64, 64, num_relations=4)
    (64): RGCNConv(64, 3, num_relations=4)
  )
)
Training the model...
Traceback (most recent call last):
  File "/home/niob/het_gnn/variance/x_latents_train.py", line 413, in <module>
    main(args)
  File "/home/niob/het_gnn/variance/x_latents_train.py", line 335, in main
    model = train_model(model, data, target_node_type, epochs=args.epochs, learning_rate=args.learning_rate, weight_decay=args.weight_decay)
  File "/home/niob/het_gnn/variance/x_latents_train.py", line 294, in train_model
    loss = train(model, optimizer, data, target_node_type)
  File "/home/niob/het_gnn/variance/x_latents_train.py", line 268, in train
    target_out = out[target_node_type]
IndexError: too many indices for tensor of dimension 2
pairnormRGCN(
  (dropout): Dropout(p=0.8, inplace=False)
  (relu): ReLU()
  (linear_projections): ModuleDict()
  (convs): ModuleList(
    (0-62): 63 x RGCNConv(64, 64, num_relations=4)
    (63): RGCNConv(64, 3, num_relations=4)
  )
  (pairnorms): ModuleList(
    (0-63): 64 x PairNorm()
  )
)
Training the model...
Traceback (most recent call last):
  File "/home/niob/het_gnn/variance/x_latents_train.py", line 413, in <module>
    main(args)
  File "/home/niob/het_gnn/variance/x_latents_train.py", line 335, in main
    model = train_model(model, data, target_node_type, epochs=args.epochs, learning_rate=args.learning_rate, weight_decay=args.weight_decay)
  File "/home/niob/het_gnn/variance/x_latents_train.py", line 294, in train_model
    loss = train(model, optimizer, data, target_node_type)
  File "/home/niob/het_gnn/variance/x_latents_train.py", line 268, in train
    target_out = out[target_node_type]
IndexError: too many indices for tensor of dimension 2
